mode: set
github.com/knative/serving/pkg/activator/util/retryer.go:25.47,27.2 1 1
github.com/knative/serving/pkg/activator/util/retryer.go:31.71,32.59 1 1
github.com/knative/serving/pkg/activator/util/retryer.go:32.59,33.65 1 1
github.com/knative/serving/pkg/activator/util/retryer.go:36.3,36.9 1 1
github.com/knative/serving/pkg/activator/util/retryer.go:33.65,35.4 1 1
github.com/knative/serving/pkg/activator/util/rewinder.go:28.50,30.2 1 1
github.com/knative/serving/pkg/activator/util/rewinder.go:32.48,35.17 1 1
github.com/knative/serving/pkg/activator/util/rewinder.go:45.2,45.21 1 1
github.com/knative/serving/pkg/activator/util/rewinder.go:35.17,37.17 2 1
github.com/knative/serving/pkg/activator/util/rewinder.go:40.3,42.30 2 1
github.com/knative/serving/pkg/activator/util/rewinder.go:37.17,39.4 1 0
github.com/knative/serving/pkg/activator/util/rewinder.go:48.34,53.2 2 1
github.com/knative/serving/pkg/activator/util/transports.go:28.79,30.2 1 1
github.com/knative/serving/pkg/activator/util/transports.go:33.85,34.72 1 1
github.com/knative/serving/pkg/activator/util/transports.go:34.72,36.24 2 1
github.com/knative/serving/pkg/activator/util/transports.go:40.3,40.24 1 1
github.com/knative/serving/pkg/activator/util/transports.go:36.24,38.4 1 1
github.com/knative/serving/pkg/activator/util/transports.go:50.40,51.40 1 1
github.com/knative/serving/pkg/activator/util/transports.go:51.40,53.3 1 1
github.com/knative/serving/pkg/activator/util/transports.go:64.117,71.2 1 1
github.com/knative/serving/pkg/activator/util/transports.go:73.91,79.44 2 1
github.com/knative/serving/pkg/activator/util/transports.go:97.2,97.16 1 1
github.com/knative/serving/pkg/activator/util/transports.go:109.2,109.8 1 1
github.com/knative/serving/pkg/activator/util/transports.go:79.44,82.17 2 1
github.com/knative/serving/pkg/activator/util/transports.go:87.3,87.44 1 1
github.com/knative/serving/pkg/activator/util/transports.go:94.3,94.15 1 1
github.com/knative/serving/pkg/activator/util/transports.go:82.17,85.4 2 1
github.com/knative/serving/pkg/activator/util/transports.go:87.44,88.23 1 1
github.com/knative/serving/pkg/activator/util/transports.go:88.23,91.5 2 1
github.com/knative/serving/pkg/activator/util/transports.go:97.16,100.25 2 1
github.com/knative/serving/pkg/activator/util/transports.go:104.3,104.77 1 1
github.com/knative/serving/pkg/activator/util/transports.go:100.25,102.4 1 1
github.com/knative/serving/pkg/activator/util/transports.go:105.8,107.3 1 1
